Copyright 1986-2017 Xilinx, Inc. All Rights Reserved.
----------------------------------------------------------------------------------------------------------------------------------------------------
| Tool Version     : Vivado v.2017.4 (win64) Build 2086221 Fri Dec 15 20:55:39 MST 2017
| Date             : Mon Jun 25 14:42:43 2018
| Host             : DESKTOP-H32TPSL running 64-bit major release  (build 9200)
| Command          : report_power -file canny_edge_power_routed.rpt -pb canny_edge_power_summary_routed.pb -rpx canny_edge_power_routed.rpx
| Design           : canny_edge
| Device           : xc7z020clg400-1
| Design State     : routed
| Grade            : commercial
| Process          : typical
| Characterization : Production
----------------------------------------------------------------------------------------------------------------------------------------------------

Power Report

Table of Contents
-----------------
1. Summary
1.1 On-Chip Components
1.2 Power Supply Summary
1.3 Confidence Level
2. Settings
2.1 Environment
2.2 Clock Constraints
3. Detailed Reports
3.1 By Hierarchy

1. Summary
----------

+--------------------------+--------------+
| Total On-Chip Power (W)  | 0.219        |
| Design Power Budget (W)  | Unspecified* |
| Power Budget Margin (W)  | NA           |
| Dynamic (W)              | 0.114        |
| Device Static (W)        | 0.105        |
| Effective TJA (C/W)      | 11.5         |
| Max Ambient (C)          | 82.5         |
| Junction Temperature (C) | 27.5         |
| Confidence Level         | Medium       |
| Setting File             | ---          |
| Simulation Activity File | ---          |
| Design Nets Matched      | NA           |
+--------------------------+--------------+
* Specify Design Power Budget using, set_operating_conditions -design_power_budget <value in Watts>


1.1 On-Chip Components
----------------------

+-------------------------+-----------+----------+-----------+-----------------+
| On-Chip                 | Power (W) | Used     | Available | Utilization (%) |
+-------------------------+-----------+----------+-----------+-----------------+
| Clocks                  |     0.021 |        4 |       --- |             --- |
| Slice Logic             |     0.015 |     8167 |       --- |             --- |
|   LUT as Logic          |     0.012 |     3519 |     53200 |            6.61 |
|   CARRY4                |     0.001 |      436 |     13300 |            3.28 |
|   Register              |     0.001 |     3249 |    106400 |            3.05 |
|   F7/F8 Muxes           |    <0.001 |        2 |     53200 |           <0.01 |
|   LUT as Shift Register |    <0.001 |       19 |     17400 |            0.11 |
|   Others                |     0.000 |      141 |       --- |             --- |
| Signals                 |     0.022 |     6270 |       --- |             --- |
| Block RAM               |     0.014 |      9.5 |       140 |            6.79 |
| DSPs                    |     0.042 |       32 |       220 |           14.55 |
| Static Power            |     0.105 |          |           |                 |
| Total                   |     0.219 |          |           |                 |
+-------------------------+-----------+----------+-----------+-----------------+


1.2 Power Supply Summary
------------------------

+-----------+-------------+-----------+-------------+------------+
| Source    | Voltage (V) | Total (A) | Dynamic (A) | Static (A) |
+-----------+-------------+-----------+-------------+------------+
| Vccint    |       1.000 |     0.121 |       0.113 |      0.008 |
| Vccaux    |       1.800 |     0.011 |       0.000 |      0.011 |
| Vcco33    |       3.300 |     0.000 |       0.000 |      0.000 |
| Vcco25    |       2.500 |     0.000 |       0.000 |      0.000 |
| Vcco18    |       1.800 |     0.000 |       0.000 |      0.000 |
| Vcco15    |       1.500 |     0.000 |       0.000 |      0.000 |
| Vcco135   |       1.350 |     0.000 |       0.000 |      0.000 |
| Vcco12    |       1.200 |     0.000 |       0.000 |      0.000 |
| Vccaux_io |       1.800 |     0.000 |       0.000 |      0.000 |
| Vccbram   |       1.000 |     0.002 |       0.001 |      0.001 |
| MGTAVcc   |       1.000 |     0.000 |       0.000 |      0.000 |
| MGTAVtt   |       1.200 |     0.000 |       0.000 |      0.000 |
| MGTVccaux |       1.800 |     0.000 |       0.000 |      0.000 |
| Vccpint   |       1.000 |     0.017 |       0.000 |      0.017 |
| Vccpaux   |       1.800 |     0.010 |       0.000 |      0.010 |
| Vccpll    |       1.800 |     0.003 |       0.000 |      0.003 |
| Vcco_ddr  |       1.500 |     0.000 |       0.000 |      0.000 |
| Vcco_mio0 |       1.800 |     0.000 |       0.000 |      0.000 |
| Vcco_mio1 |       1.800 |     0.000 |       0.000 |      0.000 |
| Vccadc    |       1.800 |     0.020 |       0.000 |      0.020 |
+-----------+-------------+-----------+-------------+------------+


1.3 Confidence Level
--------------------

+-----------------------------+------------+------------------------------------------------+------------------------------------------------------------------------------------------------------------+
| User Input Data             | Confidence | Details                                        | Action                                                                                                     |
+-----------------------------+------------+------------------------------------------------+------------------------------------------------------------------------------------------------------------+
| Design implementation state | High       | Design is routed                               |                                                                                                            |
| Clock nodes activity        | High       | User specified more than 95% of clocks         |                                                                                                            |
| I/O nodes activity          | High       | User specified more than 95% of inputs         |                                                                                                            |
| Internal nodes activity     | Medium     | User specified less than 25% of internal nodes | Provide missing internal nodes activity with simulation results or by editing the "By Resource Type" views |
| Device models               | High       | Device models are Production                   |                                                                                                            |
|                             |            |                                                |                                                                                                            |
| Overall confidence level    | Medium     |                                                |                                                                                                            |
+-----------------------------+------------+------------------------------------------------+------------------------------------------------------------------------------------------------------------+


2. Settings
-----------

2.1 Environment
---------------

+-----------------------+------------------------+
| Ambient Temp (C)      | 25.0                   |
| ThetaJA (C/W)         | 11.5                   |
| Airflow (LFM)         | 250                    |
| Heat Sink             | none                   |
| ThetaSA (C/W)         | 0.0                    |
| Board Selection       | medium (10"x10")       |
| # of Board Layers     | 8to11 (8 to 11 Layers) |
| Board Temperature (C) | 25.0                   |
+-----------------------+------------------------+


2.2 Clock Constraints
---------------------

+--------------+--------------+-----------------+
| Clock        | Domain       | Constraint (ns) |
+--------------+--------------+-----------------+
| AXI_LITE_clk | AXI_LITE_clk |            12.0 |
| ap_clk       | ap_clk       |             6.0 |
+--------------+--------------+-----------------+


3. Detailed Reports
-------------------

3.1 By Hierarchy
----------------

+-----------------------------------------+-----------+
| Name                                    | Power (W) |
+-----------------------------------------+-----------+
| canny_edge                              |     0.114 |
|   Block_Mat_exit29637_U0                |    <0.001 |
|     canny_edge_mul_mubkb_U1             |    <0.001 |
|       canny_edge_mul_mubkb_DSP48_0_U    |    <0.001 |
|   Duplicate_U0                          |    <0.001 |
|   GaussianBlur_U0                       |     0.058 |
|     grp_Filter2D_1_fu_84                |     0.058 |
|       canny_edge_am_addtde_U36          |     0.002 |
|         canny_edge_am_addtde_DSP48_12_U |     0.002 |
|       canny_edge_mul_mukbM_U23          |     0.001 |
|         canny_edge_mul_mukbM_DSP48_3_U  |     0.001 |
|       canny_edge_mul_mukbM_U27          |     0.001 |
|         canny_edge_mul_mukbM_DSP48_3_U  |     0.001 |
|       canny_edge_mul_mukbM_U28          |     0.001 |
|         canny_edge_mul_mukbM_DSP48_3_U  |     0.001 |
|       canny_edge_mul_muncg_U26          |     0.001 |
|         canny_edge_mul_muncg_DSP48_6_U  |     0.001 |
|       canny_edge_mul_muncg_U29          |     0.001 |
|         canny_edge_mul_muncg_DSP48_6_U  |     0.001 |
|       k_buf_0_val_5_U                   |     0.002 |
|         Filter2D_1_k_buf_cud_ram_U      |     0.002 |
|       k_buf_0_val_6_U                   |     0.002 |
|         Filter2D_1_k_buf_cud_ram_U      |     0.002 |
|       k_buf_0_val_7_U                   |     0.002 |
|         Filter2D_1_k_buf_cud_ram_U      |     0.002 |
|       k_buf_0_val_8_U                   |     0.002 |
|         Filter2D_1_k_buf_cud_ram_U      |     0.002 |
|       k_buf_0_val_9_U                   |     0.002 |
|         Filter2D_1_k_buf_cud_ram_U      |     0.002 |
|   Loop_1_proc_U0                        |     0.001 |
|   Loop_2_proc_U0                        |     0.002 |
|     canny_edge_mul_muJfO_U119           |    <0.001 |
|       canny_edge_mul_muJfO_DSP48_20_U   |    <0.001 |
|   Sobel_1_U0                            |     0.016 |
|     grp_Filter2D_fu_96                  |     0.016 |
|       k_buf_0_val_3_U                   |    <0.001 |
|         Filter2D_1_k_buf_cud_ram_U      |    <0.001 |
|       k_buf_0_val_4_U                   |     0.001 |
|         Filter2D_1_k_buf_cud_ram_U      |     0.001 |
|       k_buf_0_val_5_U                   |     0.001 |
|         Filter2D_1_k_buf_cud_ram_U      |     0.001 |
|   Sobel_U0                              |     0.016 |
|     grp_Filter2D_fu_96                  |     0.016 |
|       k_buf_0_val_3_U                   |    <0.001 |
|         Filter2D_1_k_buf_cud_ram_U      |    <0.001 |
|       k_buf_0_val_4_U                   |     0.001 |
|         Filter2D_1_k_buf_cud_ram_U      |     0.001 |
|       k_buf_0_val_5_U                   |     0.001 |
|         Filter2D_1_k_buf_cud_ram_U      |     0.001 |
|   canny_edge_CONTROL_BUS_s_axi_U        |     0.002 |
|   canny_edges_data_str_U                |    <0.001 |
|     U_fifo_w8_d1_A_ram                  |    <0.001 |
|   col_packets_cast_loc_U                |    <0.001 |
|     U_fifo_w9_d8_A_ram                  |    <0.001 |
|   grad_gd_data_stream_s_U               |    <0.001 |
|     U_fifo_w16_d1_A_ram                 |    <0.001 |
|   gradient_decompositi_U0               |     0.004 |
|   hysteresis_U0                         |     0.006 |
|     linebuff_val_0_U                    |    <0.001 |
|       nonmax_suppressioFfa_ram_U        |    <0.001 |
|     linebuff_val_1_U                    |     0.001 |
|       nonmax_suppressioFfa_ram_U        |     0.001 |
|   nonmax_suppression_U0                 |     0.005 |
|     linebuff_val_0_U                    |    <0.001 |
|       nonmax_suppressioFfa_ram_U        |    <0.001 |
|     linebuff_val_1_U                    |    <0.001 |
|       nonmax_suppressioFfa_ram_U        |    <0.001 |
|   packets_cast_loc_cha_U                |    <0.001 |
|     U_fifo_w20_d2_A_ram                 |    <0.001 |
|   sobel_gx_data_stream_U                |    <0.001 |
|     U_fifo_w16_d1_A_ram                 |    <0.001 |
|   sobel_gy_data_stream_U                |    <0.001 |
|     U_fifo_w16_d1_A_ram                 |    <0.001 |
|   src1_data_stream_0_s_U                |    <0.001 |
|     U_fifo_w8_d1_A_ram                  |    <0.001 |
|   src2_data_stream_0_s_U                |    <0.001 |
|     U_fifo_w8_d1_A_ram                  |    <0.001 |
|   src_blur_data_stream_U                |    <0.001 |
|     U_fifo_w8_d1_A_ram                  |    <0.001 |
|   src_bw_data_stream_0_U                |    <0.001 |
|     U_fifo_w8_d1_A_ram                  |    <0.001 |
|   suppressed_data_stre_U                |    <0.001 |
|     U_fifo_w16_d1_A_ram                 |    <0.001 |
+-----------------------------------------+-----------+


