
*** Running vivado
    with args -log dilate_hls.vdi -applog -m64 -product Vivado -messageDb vivado.pb -mode batch -source dilate_hls.tcl -notrace


****** Vivado v2017.4 (64-bit)
  **** SW Build 2086221 on Fri Dec 15 20:55:39 MST 2017
  **** IP Build 2085800 on Fri Dec 15 22:25:07 MST 2017
    ** Copyright 1986-2017 Xilinx, Inc. All Rights Reserved.

source dilate_hls.tcl -notrace
Command: open_checkpoint C:/Users/sdi_admin/CloudStation/HLS/dilate/solution1/impl/verilog/project.runs/impl_1/dilate_hls.dcp

Starting open_checkpoint Task

Time (s): cpu = 00:00:00 ; elapsed = 00:00:00.027 . Memory (MB): peak = 239.398 ; gain = 0.000
INFO: [Netlist 29-17] Analyzing 109 Unisim elements for replacement
INFO: [Netlist 29-28] Unisim Transformation completed in 0 CPU seconds
INFO: [Project 1-479] Netlist was created with Vivado 2017.4
INFO: [Device 21-403] Loading part xc7z020clg400-1
INFO: [Project 1-570] Preparing netlist for logic optimization
Parsing XDC File [C:/Users/sdi_admin/CloudStation/HLS/dilate/solution1/impl/verilog/project.runs/impl_1/.Xil/Vivado-3492-DESKTOP-H32TPSL/dcp1/dilate_hls.xdc]
Finished Parsing XDC File [C:/Users/sdi_admin/CloudStation/HLS/dilate/solution1/impl/verilog/project.runs/impl_1/.Xil/Vivado-3492-DESKTOP-H32TPSL/dcp1/dilate_hls.xdc]
INFO: [Project 1-111] Unisim Transformation Summary:
No Unisim elements were transformed.

INFO: [Project 1-604] Checkpoint was created with Vivado v2017.4 (64-bit) build 2086221
open_checkpoint: Time (s): cpu = 00:00:09 ; elapsed = 00:00:10 . Memory (MB): peak = 647.277 ; gain = 416.621
Command: opt_design
Attempting to get a license for feature 'Implementation' and/or device 'xc7z020'
INFO: [Common 17-349] Got license for feature 'Implementation' and/or device 'xc7z020'
Running DRC as a precondition to command opt_design

Starting DRC Task
INFO: [DRC 23-27] Running DRC with 2 threads
INFO: [Project 1-461] DRC finished with 0 Errors
INFO: [Project 1-462] Please refer to the DRC report (report_drc) for more information.

Time (s): cpu = 00:00:01 ; elapsed = 00:00:00.627 . Memory (MB): peak = 658.523 ; gain = 9.871
INFO: [Timing 38-35] Done setting XDC timing constraints.

Starting Logic Optimization Task

Phase 1 Retarget
INFO: [Opt 31-138] Pushed 0 inverter(s) to 0 load pin(s).
INFO: [Opt 31-49] Retargeted 0 cell(s).
Phase 1 Retarget | Checksum: 1a0991b39

Time (s): cpu = 00:00:00 ; elapsed = 00:00:00.212 . Memory (MB): peak = 1178.883 ; gain = 0.000
INFO: [Opt 31-389] Phase Retarget created 0 cells and removed 1 cells

Phase 2 Constant propagation
INFO: [Opt 31-138] Pushed 0 inverter(s) to 0 load pin(s).
Phase 2 Constant propagation | Checksum: 1a0991b39

Time (s): cpu = 00:00:00 ; elapsed = 00:00:00.281 . Memory (MB): peak = 1178.883 ; gain = 0.000
INFO: [Opt 31-389] Phase Constant propagation created 0 cells and removed 0 cells

Phase 3 Sweep
Phase 3 Sweep | Checksum: 12c11de43

Time (s): cpu = 00:00:00 ; elapsed = 00:00:00.356 . Memory (MB): peak = 1178.883 ; gain = 0.000
INFO: [Opt 31-389] Phase Sweep created 0 cells and removed 1 cells

Phase 4 BUFG optimization
Phase 4 BUFG optimization | Checksum: 12c11de43

Time (s): cpu = 00:00:00 ; elapsed = 00:00:00.376 . Memory (MB): peak = 1178.883 ; gain = 0.000
INFO: [Opt 31-389] Phase BUFG optimization created 0 cells and removed 0 cells

Phase 5 Shift Register Optimization
Phase 5 Shift Register Optimization | Checksum: 12c11de43

Time (s): cpu = 00:00:00 ; elapsed = 00:00:00.449 . Memory (MB): peak = 1178.883 ; gain = 0.000
INFO: [Opt 31-389] Phase Shift Register Optimization created 0 cells and removed 0 cells

Starting Connectivity Check Task

Time (s): cpu = 00:00:00 ; elapsed = 00:00:00.005 . Memory (MB): peak = 1178.883 ; gain = 0.000
Ending Logic Optimization Task | Checksum: 12c11de43

Time (s): cpu = 00:00:00 ; elapsed = 00:00:00.506 . Memory (MB): peak = 1178.883 ; gain = 0.000

Starting Power Optimization Task
INFO: [Pwropt 34-132] Skipping clock gating for clocks with a period < 2.00 ns.
INFO: [Pwropt 34-9] Applying IDT optimizations ...
INFO: [Pwropt 34-10] Applying ODC optimizations ...
INFO: [Timing 38-35] Done setting XDC timing constraints.
WARNING: [Timing 38-242] The property HD.CLK_SRC of clock port "AXI_LITE_clk" is not set. In out-of-context mode, this prevents timing estimation for clock delay/skew
Resolution: Set the HD.CLK_SRC property of the out-of-context port to the location of the clock buffer instance in the top-level design
WARNING: [Timing 38-242] The property HD.CLK_SRC of clock port "ap_clk" is not set. In out-of-context mode, this prevents timing estimation for clock delay/skew
Resolution: Set the HD.CLK_SRC property of the out-of-context port to the location of the clock buffer instance in the top-level design
INFO: [Physopt 32-619] Estimated Timing Summary | WNS=-0.899 | TNS=-16.333 |
Running Vector-less Activity Propagation...

Finished Running Vector-less Activity Propagation


Starting PowerOpt Patch Enables Task
INFO: [Pwropt 34-162] WRITE_MODE attribute of 0 BRAM(s) out of a total of 3 has been updated to save power. Run report_power_opt to get a complete listing of the BRAMs updated.
INFO: [Pwropt 34-201] Structural ODC has moved 0 WE to EN ports
Number of BRAM Ports augmented: 0 newly gated: 0 Total Ports: 6
Ending PowerOpt Patch Enables Task | Checksum: 17bc35cd1

Time (s): cpu = 00:00:00 ; elapsed = 00:00:00.025 . Memory (MB): peak = 1317.832 ; gain = 0.000
Ending Power Optimization Task | Checksum: 17bc35cd1

Time (s): cpu = 00:00:03 ; elapsed = 00:00:02 . Memory (MB): peak = 1317.832 ; gain = 138.949
INFO: [Common 17-83] Releasing license: Implementation
28 Infos, 2 Warnings, 0 Critical Warnings and 0 Errors encountered.
opt_design completed successfully
opt_design: Time (s): cpu = 00:00:17 ; elapsed = 00:00:16 . Memory (MB): peak = 1317.832 ; gain = 670.555
INFO: [Timing 38-35] Done setting XDC timing constraints.
INFO: [Common 17-1381] The checkpoint 'C:/Users/sdi_admin/CloudStation/HLS/dilate/solution1/impl/verilog/project.runs/impl_1/dilate_hls_opt.dcp' has been generated.
INFO: [runtcl-4] Executing : report_drc -file dilate_hls_drc_opted.rpt -pb dilate_hls_drc_opted.pb -rpx dilate_hls_drc_opted.rpx
Command: report_drc -file dilate_hls_drc_opted.rpt -pb dilate_hls_drc_opted.pb -rpx dilate_hls_drc_opted.rpx
INFO: [IP_Flow 19-234] Refreshing IP repositories
INFO: [IP_Flow 19-1704] No user IP repositories specified
INFO: [IP_Flow 19-2313] Loaded Vivado IP repository 'C:/Xilinx/Vivado/2017.4/data/ip'.
INFO: [DRC 23-27] Running DRC with 2 threads
INFO: [Coretcl 2-168] The results of DRC are in file C:/Users/sdi_admin/CloudStation/HLS/dilate/solution1/impl/verilog/project.runs/impl_1/dilate_hls_drc_opted.rpt.
report_drc completed successfully
INFO: [Chipscope 16-241] No debug cores found in the current design.
Before running the implement_debug_core command, either use the Set Up Debug wizard (GUI mode)
or use the create_debug_core and connect_debug_core Tcl commands to insert debug cores into the design.
Command: place_design
Attempting to get a license for feature 'Implementation' and/or device 'xc7z020'
INFO: [Common 17-349] Got license for feature 'Implementation' and/or device 'xc7z020'
INFO: [DRC 23-27] Running DRC with 2 threads
INFO: [Vivado_Tcl 4-198] DRC finished with 0 Errors
INFO: [Vivado_Tcl 4-199] Please refer to the DRC report (report_drc) for more information.
Running DRC as a precondition to command place_design
INFO: [DRC 23-27] Running DRC with 2 threads
INFO: [Vivado_Tcl 4-198] DRC finished with 0 Errors
INFO: [Vivado_Tcl 4-199] Please refer to the DRC report (report_drc) for more information.

Starting Placer Task
INFO: [Place 30-611] Multithreading enabled for place_design using a maximum of 2 CPUs

Phase 1 Placer Initialization

Phase 1.1 Placer Initialization Netlist Sorting
Netlist sorting complete. Time (s): cpu = 00:00:00 ; elapsed = 00:00:00.003 . Memory (MB): peak = 1317.832 ; gain = 0.000
Phase 1.1 Placer Initialization Netlist Sorting | Checksum: cbf3f786

Time (s): cpu = 00:00:00 ; elapsed = 00:00:00.007 . Memory (MB): peak = 1317.832 ; gain = 0.000
INFO: [Opt 31-138] Pushed 0 inverter(s) to 0 load pin(s).
Netlist sorting complete. Time (s): cpu = 00:00:00 ; elapsed = 00:00:00.003 . Memory (MB): peak = 1317.832 ; gain = 0.000

Phase 1.2 IO Placement/ Clock Placement/ Build Placer Device
INFO: [Timing 38-35] Done setting XDC timing constraints.
Phase 1.2 IO Placement/ Clock Placement/ Build Placer Device | Checksum: d4a80b9c

Time (s): cpu = 00:00:01 ; elapsed = 00:00:01 . Memory (MB): peak = 1317.832 ; gain = 0.000

Phase 1.3 Build Placer Netlist Model
Phase 1.3 Build Placer Netlist Model | Checksum: 17100f77d

Time (s): cpu = 00:00:03 ; elapsed = 00:00:02 . Memory (MB): peak = 1317.832 ; gain = 0.000

Phase 1.4 Constrain Clocks/Macros
Phase 1.4 Constrain Clocks/Macros | Checksum: 17100f77d

Time (s): cpu = 00:00:03 ; elapsed = 00:00:02 . Memory (MB): peak = 1317.832 ; gain = 0.000
Phase 1 Placer Initialization | Checksum: 17100f77d

Time (s): cpu = 00:00:03 ; elapsed = 00:00:02 . Memory (MB): peak = 1317.832 ; gain = 0.000

Phase 2 Global Placement
Phase 2 Global Placement | Checksum: 179d9b813

Time (s): cpu = 00:00:08 ; elapsed = 00:00:04 . Memory (MB): peak = 1317.832 ; gain = 0.000

Phase 3 Detail Placement

Phase 3.1 Commit Multi Column Macros
Phase 3.1 Commit Multi Column Macros | Checksum: 179d9b813

Time (s): cpu = 00:00:08 ; elapsed = 00:00:04 . Memory (MB): peak = 1317.832 ; gain = 0.000

Phase 3.2 Commit Most Macros & LUTRAMs
Phase 3.2 Commit Most Macros & LUTRAMs | Checksum: 24775d560

Time (s): cpu = 00:00:08 ; elapsed = 00:00:05 . Memory (MB): peak = 1317.832 ; gain = 0.000

Phase 3.3 Area Swap Optimization
Phase 3.3 Area Swap Optimization | Checksum: 24104d484

Time (s): cpu = 00:00:08 ; elapsed = 00:00:05 . Memory (MB): peak = 1317.832 ; gain = 0.000

Phase 3.4 Pipeline Register Optimization
Phase 3.4 Pipeline Register Optimization | Checksum: 1cd2427a1

Time (s): cpu = 00:00:08 ; elapsed = 00:00:05 . Memory (MB): peak = 1317.832 ; gain = 0.000

Phase 3.5 Timing Path Optimizer
Phase 3.5 Timing Path Optimizer | Checksum: 1cd2427a1

Time (s): cpu = 00:00:08 ; elapsed = 00:00:05 . Memory (MB): peak = 1317.832 ; gain = 0.000

Phase 3.6 Fast Optimization
Phase 3.6 Fast Optimization | Checksum: 25a9a3d91

Time (s): cpu = 00:00:09 ; elapsed = 00:00:05 . Memory (MB): peak = 1317.832 ; gain = 0.000

Phase 3.7 Small Shape Detail Placement
Phase 3.7 Small Shape Detail Placement | Checksum: 12828d13c

Time (s): cpu = 00:00:10 ; elapsed = 00:00:06 . Memory (MB): peak = 1317.832 ; gain = 0.000

Phase 3.8 Re-assign LUT pins
Phase 3.8 Re-assign LUT pins | Checksum: 185eb99fd

Time (s): cpu = 00:00:10 ; elapsed = 00:00:06 . Memory (MB): peak = 1317.832 ; gain = 0.000

Phase 3.9 Pipeline Register Optimization
Phase 3.9 Pipeline Register Optimization | Checksum: 185eb99fd

Time (s): cpu = 00:00:10 ; elapsed = 00:00:06 . Memory (MB): peak = 1317.832 ; gain = 0.000

Phase 3.10 Fast Optimization
Phase 3.10 Fast Optimization | Checksum: 1af36dbab

Time (s): cpu = 00:00:11 ; elapsed = 00:00:07 . Memory (MB): peak = 1317.832 ; gain = 0.000
Phase 3 Detail Placement | Checksum: 1af36dbab

Time (s): cpu = 00:00:11 ; elapsed = 00:00:07 . Memory (MB): peak = 1317.832 ; gain = 0.000

Phase 4 Post Placement Optimization and Clean-Up

Phase 4.1 Post Commit Optimization
INFO: [Timing 38-35] Done setting XDC timing constraints.

Phase 4.1.1 Post Placement Optimization
Post Placement Optimization Initialization | Checksum: 11c4e0462

Phase 4.1.1.1 BUFG Insertion
INFO: [Physopt 32-721] Multithreading enabled for phys_opt_design using a maximum of 2 CPUs
INFO: [Place 46-31] BUFG insertion identified 0 candidate nets, 0 success, 0 skipped for placement/routing, 0 skipped for timing, 0 skipped for netlist change reason.
Phase 4.1.1.1 BUFG Insertion | Checksum: 11c4e0462

Time (s): cpu = 00:00:12 ; elapsed = 00:00:08 . Memory (MB): peak = 1317.832 ; gain = 0.000
INFO: [Place 30-746] Post Placement Timing Summary WNS=0.114. For the most accurate timing information please run report_timing.
Phase 4.1.1 Post Placement Optimization | Checksum: 237ecbcd3

Time (s): cpu = 00:00:18 ; elapsed = 00:00:14 . Memory (MB): peak = 1317.832 ; gain = 0.000
Phase 4.1 Post Commit Optimization | Checksum: 237ecbcd3

Time (s): cpu = 00:00:18 ; elapsed = 00:00:14 . Memory (MB): peak = 1317.832 ; gain = 0.000

Phase 4.2 Post Placement Cleanup
Phase 4.2 Post Placement Cleanup | Checksum: 237ecbcd3

Time (s): cpu = 00:00:18 ; elapsed = 00:00:14 . Memory (MB): peak = 1317.832 ; gain = 0.000

Phase 4.3 Placer Reporting
Phase 4.3 Placer Reporting | Checksum: 237ecbcd3

Time (s): cpu = 00:00:18 ; elapsed = 00:00:14 . Memory (MB): peak = 1317.832 ; gain = 0.000

Phase 4.4 Final Placement Cleanup
Phase 4.4 Final Placement Cleanup | Checksum: 1a0d8fb23

Time (s): cpu = 00:00:18 ; elapsed = 00:00:14 . Memory (MB): peak = 1317.832 ; gain = 0.000
Phase 4 Post Placement Optimization and Clean-Up | Checksum: 1a0d8fb23

Time (s): cpu = 00:00:18 ; elapsed = 00:00:14 . Memory (MB): peak = 1317.832 ; gain = 0.000
Ending Placer Task | Checksum: c8d5b1f9

Time (s): cpu = 00:00:19 ; elapsed = 00:00:14 . Memory (MB): peak = 1317.832 ; gain = 0.000
INFO: [Common 17-83] Releasing license: Implementation
52 Infos, 2 Warnings, 0 Critical Warnings and 0 Errors encountered.
place_design completed successfully
place_design: Time (s): cpu = 00:00:20 ; elapsed = 00:00:15 . Memory (MB): peak = 1317.832 ; gain = 0.000
Writing placer database...
Writing XDEF routing.
Writing XDEF routing logical nets.
Writing XDEF routing special nets.
Write XDEF Complete: Time (s): cpu = 00:00:00 ; elapsed = 00:00:00.286 . Memory (MB): peak = 1317.832 ; gain = 0.000
INFO: [Common 17-1381] The checkpoint 'C:/Users/sdi_admin/CloudStation/HLS/dilate/solution1/impl/verilog/project.runs/impl_1/dilate_hls_placed.dcp' has been generated.
INFO: [runtcl-4] Executing : report_io -file dilate_hls_io_placed.rpt
report_io: Time (s): cpu = 00:00:00 ; elapsed = 00:00:00.041 . Memory (MB): peak = 1317.832 ; gain = 0.000
INFO: [runtcl-4] Executing : report_utilization -file dilate_hls_utilization_placed.rpt -pb dilate_hls_utilization_placed.pb
report_utilization: Time (s): cpu = 00:00:00 ; elapsed = 00:00:00.060 . Memory (MB): peak = 1317.832 ; gain = 0.000
INFO: [runtcl-4] Executing : report_control_sets -verbose -file dilate_hls_control_sets_placed.rpt
report_control_sets: Time (s): cpu = 00:00:00 ; elapsed = 00:00:00.011 . Memory (MB): peak = 1317.832 ; gain = 0.000
Command: phys_opt_design
Attempting to get a license for feature 'Implementation' and/or device 'xc7z020'
INFO: [Common 17-349] Got license for feature 'Implementation' and/or device 'xc7z020'
Netlist sorting complete. Time (s): cpu = 00:00:00 ; elapsed = 00:00:00.002 . Memory (MB): peak = 1317.832 ; gain = 0.000

Starting Physical Synthesis Task

Phase 1 Physical Synthesis Initialization
INFO: [Physopt 32-721] Multithreading enabled for phys_opt_design using a maximum of 2 CPUs
WARNING: [Timing 38-242] The property HD.CLK_SRC of clock port "AXI_LITE_clk" is not set. In out-of-context mode, this prevents timing estimation for clock delay/skew
Resolution: Set the HD.CLK_SRC property of the out-of-context port to the location of the clock buffer instance in the top-level design
WARNING: [Timing 38-242] The property HD.CLK_SRC of clock port "ap_clk" is not set. In out-of-context mode, this prevents timing estimation for clock delay/skew
Resolution: Set the HD.CLK_SRC property of the out-of-context port to the location of the clock buffer instance in the top-level design
INFO: [Physopt 32-619] Estimated Timing Summary | WNS=0.114 | TNS=0.000 |
Phase 1 Physical Synthesis Initialization | Checksum: 1834cca54

Time (s): cpu = 00:00:02 ; elapsed = 00:00:00.924 . Memory (MB): peak = 1317.832 ; gain = 0.000
INFO: [Physopt 32-619] Estimated Timing Summary | WNS=0.114 | TNS=0.000 |

Phase 2 Fanout Optimization
INFO: [Physopt 32-670] No setup violation found.  Fanout Optimization was not performed.
Phase 2 Fanout Optimization | Checksum: 1834cca54

Time (s): cpu = 00:00:02 ; elapsed = 00:00:00.936 . Memory (MB): peak = 1317.832 ; gain = 0.000

Phase 3 Placement Based Optimization
INFO: [Physopt 32-670] No setup violation found.  Placement Based Optimization was not performed.
Phase 3 Placement Based Optimization | Checksum: 1834cca54

Time (s): cpu = 00:00:02 ; elapsed = 00:00:00.942 . Memory (MB): peak = 1317.832 ; gain = 0.000

Phase 4 Rewire
INFO: [Physopt 32-670] No setup violation found.  Rewire was not performed.
Phase 4 Rewire | Checksum: 1834cca54

Time (s): cpu = 00:00:02 ; elapsed = 00:00:00.949 . Memory (MB): peak = 1317.832 ; gain = 0.000

Phase 5 Critical Cell Optimization
INFO: [Physopt 32-670] No setup violation found.  Critical Cell Optimization was not performed.
Phase 5 Critical Cell Optimization | Checksum: 1834cca54

Time (s): cpu = 00:00:02 ; elapsed = 00:00:00.955 . Memory (MB): peak = 1317.832 ; gain = 0.000

Phase 6 DSP Register Optimization
INFO: [Physopt 32-670] No setup violation found.  DSP Register Optimization was not performed.
Phase 6 DSP Register Optimization | Checksum: 1834cca54

Time (s): cpu = 00:00:02 ; elapsed = 00:00:00.961 . Memory (MB): peak = 1317.832 ; gain = 0.000

Phase 7 BRAM Register Optimization
INFO: [Physopt 32-670] No setup violation found.  BRAM Register Optimization was not performed.
Phase 7 BRAM Register Optimization | Checksum: 1834cca54

Time (s): cpu = 00:00:02 ; elapsed = 00:00:00.969 . Memory (MB): peak = 1317.832 ; gain = 0.000

Phase 8 URAM Register Optimization
INFO: [Physopt 32-670] No setup violation found.  URAM Register Optimization was not performed.
Phase 8 URAM Register Optimization | Checksum: 1834cca54

Time (s): cpu = 00:00:02 ; elapsed = 00:00:00.978 . Memory (MB): peak = 1317.832 ; gain = 0.000

Phase 9 Shift Register Optimization
INFO: [Physopt 32-670] No setup violation found.  Shift Register Optimization was not performed.
Phase 9 Shift Register Optimization | Checksum: 1834cca54

Time (s): cpu = 00:00:02 ; elapsed = 00:00:00.987 . Memory (MB): peak = 1317.832 ; gain = 0.000

Phase 10 Critical Pin Optimization
INFO: [Physopt 32-670] No setup violation found.  Critical Pin Optimization was not performed.
Phase 10 Critical Pin Optimization | Checksum: 1834cca54

Time (s): cpu = 00:00:02 ; elapsed = 00:00:00.996 . Memory (MB): peak = 1317.832 ; gain = 0.000

Phase 11 Very High Fanout Optimization
INFO: [Physopt 32-65] No nets found for high-fanout optimization.
INFO: [Physopt 32-232] Optimized 0 net. Created 0 new instance.
INFO: [Physopt 32-775] End 1 Pass. Optimized 0 net or cell. Created 0 new cell, deleted 0 existing cell and moved 0 existing cell
Phase 11 Very High Fanout Optimization | Checksum: 1834cca54

Time (s): cpu = 00:00:02 ; elapsed = 00:00:01 . Memory (MB): peak = 1317.832 ; gain = 0.000

Phase 12 BRAM Enable Optimization
Phase 12 BRAM Enable Optimization | Checksum: 1834cca54

Time (s): cpu = 00:00:02 ; elapsed = 00:00:01 . Memory (MB): peak = 1317.832 ; gain = 0.000
Netlist sorting complete. Time (s): cpu = 00:00:00 ; elapsed = 00:00:00.004 . Memory (MB): peak = 1317.832 ; gain = 0.000
INFO: [Physopt 32-603] Post Physical Optimization Timing Summary | WNS=0.114 | TNS=0.000 |

Summary of Physical Synthesis Optimizations
============================================


-----------------------------------------------------------------------------------------------------------------------------------------------------------------
|  Optimization       |  WNS Gain (ns)  |  TNS Gain (ns)  |  Added Cells  |  Removed Cells  |  Optimized Cells/Nets  |  Dont Touch  |  Iterations  |  Elapsed   |
-----------------------------------------------------------------------------------------------------------------------------------------------------------------
|  Fanout             |          0.000  |          0.000  |            0  |              0  |                     0  |           0  |           0  |  00:00:00  |
|  Placement Based    |          0.000  |          0.000  |            0  |              0  |                     0  |           0  |           0  |  00:00:00  |
|  Rewire             |          0.000  |          0.000  |            0  |              0  |                     0  |           0  |           0  |  00:00:00  |
|  Critical Cell      |          0.000  |          0.000  |            0  |              0  |                     0  |           0  |           0  |  00:00:00  |
|  DSP Register       |          0.000  |          0.000  |            0  |              0  |                     0  |           0  |           0  |  00:00:00  |
|  BRAM Register      |          0.000  |          0.000  |            0  |              0  |                     0  |           0  |           0  |  00:00:00  |
|  URAM Register      |          0.000  |          0.000  |            0  |              0  |                     0  |           0  |           0  |  00:00:00  |
|  Shift Register     |          0.000  |          0.000  |            0  |              0  |                     0  |           0  |           0  |  00:00:00  |
|  Critical Pin       |          0.000  |          0.000  |            0  |              0  |                     0  |           0  |           0  |  00:00:00  |
|  Very High Fanout   |          0.000  |          0.000  |            0  |              0  |                     0  |           0  |           1  |  00:00:00  |
|  BRAM Enable        |          0.000  |          0.000  |            0  |              0  |                     0  |           0  |           1  |  00:00:00  |
|  Total              |          0.000  |          0.000  |            0  |              0  |                     0  |           0  |           2  |  00:00:00  |
-----------------------------------------------------------------------------------------------------------------------------------------------------------------


Ending Physical Synthesis Task | Checksum: 1f5b23179

Time (s): cpu = 00:00:02 ; elapsed = 00:00:01 . Memory (MB): peak = 1317.832 ; gain = 0.000
INFO: [Common 17-83] Releasing license: Implementation
74 Infos, 4 Warnings, 0 Critical Warnings and 0 Errors encountered.
phys_opt_design completed successfully
Writing placer database...
Writing XDEF routing.
Writing XDEF routing logical nets.
Writing XDEF routing special nets.
Write XDEF Complete: Time (s): cpu = 00:00:00 ; elapsed = 00:00:00.283 . Memory (MB): peak = 1317.832 ; gain = 0.000
INFO: [Common 17-1381] The checkpoint 'C:/Users/sdi_admin/CloudStation/HLS/dilate/solution1/impl/verilog/project.runs/impl_1/dilate_hls_physopt.dcp' has been generated.
Command: route_design
Attempting to get a license for feature 'Implementation' and/or device 'xc7z020'
INFO: [Common 17-349] Got license for feature 'Implementation' and/or device 'xc7z020'
Running DRC as a precondition to command route_design
INFO: [DRC 23-27] Running DRC with 2 threads
INFO: [Vivado_Tcl 4-198] DRC finished with 0 Errors
INFO: [Vivado_Tcl 4-199] Please refer to the DRC report (report_drc) for more information.


Starting Routing Task
INFO: [Route 35-254] Multithreading enabled for route_design using a maximum of 2 CPUs
Checksum: PlaceDB: 7e4e5321 ConstDB: 0 ShapeSum: c794790d RouteDB: 0

Phase 1 Build RT Design
WARNING: [Route 35-197] Clock port "ap_clk" does not have an associated HD.CLK_SRC. Without this constraint, timing analysis may not be accurate and upstream checks cannot be done to ensure correct clock placement.
WARNING: [Route 35-198] Port "in_stream_TVALID" does not have an associated HD.PARTPIN_LOCS, which will prevent the partial routing of the signal "in_stream_TVALID". Without this partial route, timing analysis to/from this port will not be accurate, and no routing information for this port can be exported.
WARNING: [Route 35-198] Port "in_stream_TDATA[18]" does not have an associated HD.PARTPIN_LOCS, which will prevent the partial routing of the signal "in_stream_TDATA[18]". Without this partial route, timing analysis to/from this port will not be accurate, and no routing information for this port can be exported.
WARNING: [Route 35-198] Port "in_stream_TDATA[19]" does not have an associated HD.PARTPIN_LOCS, which will prevent the partial routing of the signal "in_stream_TDATA[19]". Without this partial route, timing analysis to/from this port will not be accurate, and no routing information for this port can be exported.
WARNING: [Route 35-198] Port "in_stream_TDATA[12]" does not have an associated HD.PARTPIN_LOCS, which will prevent the partial routing of the signal "in_stream_TDATA[12]". Without this partial route, timing analysis to/from this port will not be accurate, and no routing information for this port can be exported.
WARNING: [Route 35-198] Port "in_stream_TDATA[13]" does not have an associated HD.PARTPIN_LOCS, which will prevent the partial routing of the signal "in_stream_TDATA[13]". Without this partial route, timing analysis to/from this port will not be accurate, and no routing information for this port can be exported.
WARNING: [Route 35-198] Port "in_stream_TDATA[7]" does not have an associated HD.PARTPIN_LOCS, which will prevent the partial routing of the signal "in_stream_TDATA[7]". Without this partial route, timing analysis to/from this port will not be accurate, and no routing information for this port can be exported.
WARNING: [Route 35-198] Port "in_stream_TDATA[20]" does not have an associated HD.PARTPIN_LOCS, which will prevent the partial routing of the signal "in_stream_TDATA[20]". Without this partial route, timing analysis to/from this port will not be accurate, and no routing information for this port can be exported.
WARNING: [Route 35-198] Port "in_stream_TDATA[21]" does not have an associated HD.PARTPIN_LOCS, which will prevent the partial routing of the signal "in_stream_TDATA[21]". Without this partial route, timing analysis to/from this port will not be accurate, and no routing information for this port can be exported.
WARNING: [Route 35-198] Port "in_stream_TDATA[26]" does not have an associated HD.PARTPIN_LOCS, which will prevent the partial routing of the signal "in_stream_TDATA[26]". Without this partial route, timing analysis to/from this port will not be accurate, and no routing information for this port can be exported.
WARNING: [Route 35-198] Port "in_stream_TDATA[27]" does not have an associated HD.PARTPIN_LOCS, which will prevent the partial routing of the signal "in_stream_TDATA[27]". Without this partial route, timing analysis to/from this port will not be accurate, and no routing information for this port can be exported.
WARNING: [Route 35-198] Port "in_stream_TDATA[28]" does not have an associated HD.PARTPIN_LOCS, which will prevent the partial routing of the signal "in_stream_TDATA[28]". Without this partial route, timing analysis to/from this port will not be accurate, and no routing information for this port can be exported.
WARNING: [Route 35-198] Port "in_stream_TDATA[29]" does not have an associated HD.PARTPIN_LOCS, which will prevent the partial routing of the signal "in_stream_TDATA[29]". Without this partial route, timing analysis to/from this port will not be accurate, and no routing information for this port can be exported.
WARNING: [Route 35-198] Port "in_stream_TDATA[14]" does not have an associated HD.PARTPIN_LOCS, which will prevent the partial routing of the signal "in_stream_TDATA[14]". Without this partial route, timing analysis to/from this port will not be accurate, and no routing information for this port can be exported.
WARNING: [Route 35-198] Port "in_stream_TDATA[15]" does not have an associated HD.PARTPIN_LOCS, which will prevent the partial routing of the signal "in_stream_TDATA[15]". Without this partial route, timing analysis to/from this port will not be accurate, and no routing information for this port can be exported.
WARNING: [Route 35-198] Port "in_stream_TDATA[6]" does not have an associated HD.PARTPIN_LOCS, which will prevent the partial routing of the signal "in_stream_TDATA[6]". Without this partial route, timing analysis to/from this port will not be accurate, and no routing information for this port can be exported.
WARNING: [Route 35-198] Port "in_stream_TDATA[0]" does not have an associated HD.PARTPIN_LOCS, which will prevent the partial routing of the signal "in_stream_TDATA[0]". Without this partial route, timing analysis to/from this port will not be accurate, and no routing information for this port can be exported.
WARNING: [Route 35-198] Port "in_stream_TDATA[10]" does not have an associated HD.PARTPIN_LOCS, which will prevent the partial routing of the signal "in_stream_TDATA[10]". Without this partial route, timing analysis to/from this port will not be accurate, and no routing information for this port can be exported.
WARNING: [Route 35-198] Port "in_stream_TDATA[11]" does not have an associated HD.PARTPIN_LOCS, which will prevent the partial routing of the signal "in_stream_TDATA[11]". Without this partial route, timing analysis to/from this port will not be accurate, and no routing information for this port can be exported.
WARNING: [Route 35-198] Port "in_stream_TDATA[4]" does not have an associated HD.PARTPIN_LOCS, which will prevent the partial routing of the signal "in_stream_TDATA[4]". Without this partial route, timing analysis to/from this port will not be accurate, and no routing information for this port can be exported.
WARNING: [Route 35-198] Port "in_stream_TDATA[1]" does not have an associated HD.PARTPIN_LOCS, which will prevent the partial routing of the signal "in_stream_TDATA[1]". Without this partial route, timing analysis to/from this port will not be accurate, and no routing information for this port can be exported.
WARNING: [Route 35-198] Port "in_stream_TDATA[3]" does not have an associated HD.PARTPIN_LOCS, which will prevent the partial routing of the signal "in_stream_TDATA[3]". Without this partial route, timing analysis to/from this port will not be accurate, and no routing information for this port can be exported.
WARNING: [Route 35-198] Port "in_stream_TDATA[5]" does not have an associated HD.PARTPIN_LOCS, which will prevent the partial routing of the signal "in_stream_TDATA[5]". Without this partial route, timing analysis to/from this port will not be accurate, and no routing information for this port can be exported.
WARNING: [Route 35-198] Port "in_stream_TDATA[2]" does not have an associated HD.PARTPIN_LOCS, which will prevent the partial routing of the signal "in_stream_TDATA[2]". Without this partial route, timing analysis to/from this port will not be accurate, and no routing information for this port can be exported.
WARNING: [Route 35-198] Port "ap_rst_n" does not have an associated HD.PARTPIN_LOCS, which will prevent the partial routing of the signal "ap_rst_n". Without this partial route, timing analysis to/from this port will not be accurate, and no routing information for this port can be exported.
WARNING: [Route 35-198] Port "in_stream_TDATA[16]" does not have an associated HD.PARTPIN_LOCS, which will prevent the partial routing of the signal "in_stream_TDATA[16]". Without this partial route, timing analysis to/from this port will not be accurate, and no routing information for this port can be exported.
WARNING: [Route 35-198] Port "in_stream_TDATA[17]" does not have an associated HD.PARTPIN_LOCS, which will prevent the partial routing of the signal "in_stream_TDATA[17]". Without this partial route, timing analysis to/from this port will not be accurate, and no routing information for this port can be exported.
WARNING: [Route 35-198] Port "in_stream_TDATA[22]" does not have an associated HD.PARTPIN_LOCS, which will prevent the partial routing of the signal "in_stream_TDATA[22]". Without this partial route, timing analysis to/from this port will not be accurate, and no routing information for this port can be exported.
WARNING: [Route 35-198] Port "in_stream_TDATA[23]" does not have an associated HD.PARTPIN_LOCS, which will prevent the partial routing of the signal "in_stream_TDATA[23]". Without this partial route, timing analysis to/from this port will not be accurate, and no routing information for this port can be exported.
WARNING: [Route 35-198] Port "in_stream_TDATA[24]" does not have an associated HD.PARTPIN_LOCS, which will prevent the partial routing of the signal "in_stream_TDATA[24]". Without this partial route, timing analysis to/from this port will not be accurate, and no routing information for this port can be exported.
WARNING: [Route 35-198] Port "in_stream_TDATA[25]" does not have an associated HD.PARTPIN_LOCS, which will prevent the partial routing of the signal "in_stream_TDATA[25]". Without this partial route, timing analysis to/from this port will not be accurate, and no routing information for this port can be exported.
WARNING: [Route 35-198] Port "in_stream_TDATA[8]" does not have an associated HD.PARTPIN_LOCS, which will prevent the partial routing of the signal "in_stream_TDATA[8]". Without this partial route, timing analysis to/from this port will not be accurate, and no routing information for this port can be exported.
WARNING: [Route 35-198] Port "in_stream_TDATA[9]" does not have an associated HD.PARTPIN_LOCS, which will prevent the partial routing of the signal "in_stream_TDATA[9]". Without this partial route, timing analysis to/from this port will not be accurate, and no routing information for this port can be exported.
WARNING: [Route 35-198] Port "in_stream_TDATA[30]" does not have an associated HD.PARTPIN_LOCS, which will prevent the partial routing of the signal "in_stream_TDATA[30]". Without this partial route, timing analysis to/from this port will not be accurate, and no routing information for this port can be exported.
WARNING: [Route 35-198] Port "in_stream_TDATA[31]" does not have an associated HD.PARTPIN_LOCS, which will prevent the partial routing of the signal "in_stream_TDATA[31]". Without this partial route, timing analysis to/from this port will not be accurate, and no routing information for this port can be exported.
WARNING: [Route 35-198] Port "s_axi_CONTROL_BUS_WDATA[6]" does not have an associated HD.PARTPIN_LOCS, which will prevent the partial routing of the signal "s_axi_CONTROL_BUS_WDATA[6]". Without this partial route, timing analysis to/from this port will not be accurate, and no routing information for this port can be exported.
WARNING: [Route 35-198] Port "s_axi_CONTROL_BUS_WSTRB[0]" does not have an associated HD.PARTPIN_LOCS, which will prevent the partial routing of the signal "s_axi_CONTROL_BUS_WSTRB[0]". Without this partial route, timing analysis to/from this port will not be accurate, and no routing information for this port can be exported.
WARNING: [Route 35-198] Port "s_axi_CONTROL_BUS_WDATA[7]" does not have an associated HD.PARTPIN_LOCS, which will prevent the partial routing of the signal "s_axi_CONTROL_BUS_WDATA[7]". Without this partial route, timing analysis to/from this port will not be accurate, and no routing information for this port can be exported.
WARNING: [Route 35-198] Port "s_axi_CONTROL_BUS_WDATA[8]" does not have an associated HD.PARTPIN_LOCS, which will prevent the partial routing of the signal "s_axi_CONTROL_BUS_WDATA[8]". Without this partial route, timing analysis to/from this port will not be accurate, and no routing information for this port can be exported.
WARNING: [Route 35-198] Port "s_axi_CONTROL_BUS_WSTRB[1]" does not have an associated HD.PARTPIN_LOCS, which will prevent the partial routing of the signal "s_axi_CONTROL_BUS_WSTRB[1]". Without this partial route, timing analysis to/from this port will not be accurate, and no routing information for this port can be exported.
WARNING: [Route 35-198] Port "s_axi_CONTROL_BUS_WDATA[9]" does not have an associated HD.PARTPIN_LOCS, which will prevent the partial routing of the signal "s_axi_CONTROL_BUS_WDATA[9]". Without this partial route, timing analysis to/from this port will not be accurate, and no routing information for this port can be exported.
WARNING: [Route 35-198] Port "s_axi_CONTROL_BUS_WDATA[10]" does not have an associated HD.PARTPIN_LOCS, which will prevent the partial routing of the signal "s_axi_CONTROL_BUS_WDATA[10]". Without this partial route, timing analysis to/from this port will not be accurate, and no routing information for this port can be exported.
WARNING: [Route 35-198] Port "s_axi_CONTROL_BUS_WDATA[11]" does not have an associated HD.PARTPIN_LOCS, which will prevent the partial routing of the signal "s_axi_CONTROL_BUS_WDATA[11]". Without this partial route, timing analysis to/from this port will not be accurate, and no routing information for this port can be exported.
WARNING: [Route 35-198] Port "s_axi_CONTROL_BUS_WDATA[12]" does not have an associated HD.PARTPIN_LOCS, which will prevent the partial routing of the signal "s_axi_CONTROL_BUS_WDATA[12]". Without this partial route, timing analysis to/from this port will not be accurate, and no routing information for this port can be exported.
WARNING: [Route 35-198] Port "s_axi_CONTROL_BUS_WDATA[13]" does not have an associated HD.PARTPIN_LOCS, which will prevent the partial routing of the signal "s_axi_CONTROL_BUS_WDATA[13]". Without this partial route, timing analysis to/from this port will not be accurate, and no routing information for this port can be exported.
WARNING: [Route 35-198] Port "s_axi_CONTROL_BUS_WDATA[14]" does not have an associated HD.PARTPIN_LOCS, which will prevent the partial routing of the signal "s_axi_CONTROL_BUS_WDATA[14]". Without this partial route, timing analysis to/from this port will not be accurate, and no routing information for this port can be exported.
WARNING: [Route 35-198] Port "s_axi_CONTROL_BUS_WDATA[15]" does not have an associated HD.PARTPIN_LOCS, which will prevent the partial routing of the signal "s_axi_CONTROL_BUS_WDATA[15]". Without this partial route, timing analysis to/from this port will not be accurate, and no routing information for this port can be exported.
WARNING: [Route 35-198] Port "s_axi_CONTROL_BUS_WDATA[2]" does not have an associated HD.PARTPIN_LOCS, which will prevent the partial routing of the signal "s_axi_CONTROL_BUS_WDATA[2]". Without this partial route, timing analysis to/from this port will not be accurate, and no routing information for this port can be exported.
WARNING: [Route 35-198] Port "s_axi_CONTROL_BUS_WDATA[3]" does not have an associated HD.PARTPIN_LOCS, which will prevent the partial routing of the signal "s_axi_CONTROL_BUS_WDATA[3]". Without this partial route, timing analysis to/from this port will not be accurate, and no routing information for this port can be exported.
WARNING: [Route 35-198] Port "s_axi_CONTROL_BUS_WDATA[4]" does not have an associated HD.PARTPIN_LOCS, which will prevent the partial routing of the signal "s_axi_CONTROL_BUS_WDATA[4]". Without this partial route, timing analysis to/from this port will not be accurate, and no routing information for this port can be exported.
WARNING: [Route 35-198] Port "s_axi_CONTROL_BUS_WDATA[5]" does not have an associated HD.PARTPIN_LOCS, which will prevent the partial routing of the signal "s_axi_CONTROL_BUS_WDATA[5]". Without this partial route, timing analysis to/from this port will not be accurate, and no routing information for this port can be exported.
WARNING: [Route 35-198] Port "s_axi_CONTROL_BUS_ARADDR[3]" does not have an associated HD.PARTPIN_LOCS, which will prevent the partial routing of the signal "s_axi_CONTROL_BUS_ARADDR[3]". Without this partial route, timing analysis to/from this port will not be accurate, and no routing information for this port can be exported.
WARNING: [Route 35-198] Port "s_axi_CONTROL_BUS_ARADDR[4]" does not have an associated HD.PARTPIN_LOCS, which will prevent the partial routing of the signal "s_axi_CONTROL_BUS_ARADDR[4]". Without this partial route, timing analysis to/from this port will not be accurate, and no routing information for this port can be exported.
WARNING: [Route 35-197] Clock port "AXI_LITE_clk" does not have an associated HD.CLK_SRC. Without this constraint, timing analysis may not be accurate and upstream checks cannot be done to ensure correct clock placement.
WARNING: [Route 35-198] Port "s_axi_CONTROL_BUS_WDATA[17]" does not have an associated HD.PARTPIN_LOCS, which will prevent the partial routing of the signal "s_axi_CONTROL_BUS_WDATA[17]". Without this partial route, timing analysis to/from this port will not be accurate, and no routing information for this port can be exported.
WARNING: [Route 35-198] Port "s_axi_CONTROL_BUS_WSTRB[2]" does not have an associated HD.PARTPIN_LOCS, which will prevent the partial routing of the signal "s_axi_CONTROL_BUS_WSTRB[2]". Without this partial route, timing analysis to/from this port will not be accurate, and no routing information for this port can be exported.
WARNING: [Route 35-198] Port "s_axi_CONTROL_BUS_WDATA[19]" does not have an associated HD.PARTPIN_LOCS, which will prevent the partial routing of the signal "s_axi_CONTROL_BUS_WDATA[19]". Without this partial route, timing analysis to/from this port will not be accurate, and no routing information for this port can be exported.
WARNING: [Route 35-198] Port "s_axi_CONTROL_BUS_WDATA[20]" does not have an associated HD.PARTPIN_LOCS, which will prevent the partial routing of the signal "s_axi_CONTROL_BUS_WDATA[20]". Without this partial route, timing analysis to/from this port will not be accurate, and no routing information for this port can be exported.
WARNING: [Route 35-198] Port "s_axi_CONTROL_BUS_WDATA[22]" does not have an associated HD.PARTPIN_LOCS, which will prevent the partial routing of the signal "s_axi_CONTROL_BUS_WDATA[22]". Without this partial route, timing analysis to/from this port will not be accurate, and no routing information for this port can be exported.
WARNING: [Route 35-198] Port "s_axi_CONTROL_BUS_WDATA[16]" does not have an associated HD.PARTPIN_LOCS, which will prevent the partial routing of the signal "s_axi_CONTROL_BUS_WDATA[16]". Without this partial route, timing analysis to/from this port will not be accurate, and no routing information for this port can be exported.
WARNING: [Route 35-198] Port "s_axi_CONTROL_BUS_WDATA[23]" does not have an associated HD.PARTPIN_LOCS, which will prevent the partial routing of the signal "s_axi_CONTROL_BUS_WDATA[23]". Without this partial route, timing analysis to/from this port will not be accurate, and no routing information for this port can be exported.
WARNING: [Route 35-198] Port "s_axi_CONTROL_BUS_WDATA[0]" does not have an associated HD.PARTPIN_LOCS, which will prevent the partial routing of the signal "s_axi_CONTROL_BUS_WDATA[0]". Without this partial route, timing analysis to/from this port will not be accurate, and no routing information for this port can be exported.
WARNING: [Route 35-198] Port "s_axi_CONTROL_BUS_WDATA[1]" does not have an associated HD.PARTPIN_LOCS, which will prevent the partial routing of the signal "s_axi_CONTROL_BUS_WDATA[1]". Without this partial route, timing analysis to/from this port will not be accurate, and no routing information for this port can be exported.
WARNING: [Route 35-198] Port "s_axi_CONTROL_BUS_WDATA[24]" does not have an associated HD.PARTPIN_LOCS, which will prevent the partial routing of the signal "s_axi_CONTROL_BUS_WDATA[24]". Without this partial route, timing analysis to/from this port will not be accurate, and no routing information for this port can be exported.
WARNING: [Route 35-198] Port "s_axi_CONTROL_BUS_WSTRB[3]" does not have an associated HD.PARTPIN_LOCS, which will prevent the partial routing of the signal "s_axi_CONTROL_BUS_WSTRB[3]". Without this partial route, timing analysis to/from this port will not be accurate, and no routing information for this port can be exported.
WARNING: [Route 35-198] Port "s_axi_CONTROL_BUS_WDATA[27]" does not have an associated HD.PARTPIN_LOCS, which will prevent the partial routing of the signal "s_axi_CONTROL_BUS_WDATA[27]". Without this partial route, timing analysis to/from this port will not be accurate, and no routing information for this port can be exported.
WARNING: [Route 35-198] Port "s_axi_CONTROL_BUS_WDATA[28]" does not have an associated HD.PARTPIN_LOCS, which will prevent the partial routing of the signal "s_axi_CONTROL_BUS_WDATA[28]". Without this partial route, timing analysis to/from this port will not be accurate, and no routing information for this port can be exported.
WARNING: [Route 35-198] Port "s_axi_CONTROL_BUS_WDATA[29]" does not have an associated HD.PARTPIN_LOCS, which will prevent the partial routing of the signal "s_axi_CONTROL_BUS_WDATA[29]". Without this partial route, timing analysis to/from this port will not be accurate, and no routing information for this port can be exported.
WARNING: [Route 35-198] Port "s_axi_CONTROL_BUS_WDATA[30]" does not have an associated HD.PARTPIN_LOCS, which will prevent the partial routing of the signal "s_axi_CONTROL_BUS_WDATA[30]". Without this partial route, timing analysis to/from this port will not be accurate, and no routing information for this port can be exported.
WARNING: [Route 35-198] Port "s_axi_CONTROL_BUS_WDATA[31]" does not have an associated HD.PARTPIN_LOCS, which will prevent the partial routing of the signal "s_axi_CONTROL_BUS_WDATA[31]". Without this partial route, timing analysis to/from this port will not be accurate, and no routing information for this port can be exported.
WARNING: [Route 35-198] Port "s_axi_CONTROL_BUS_ARADDR[5]" does not have an associated HD.PARTPIN_LOCS, which will prevent the partial routing of the signal "s_axi_CONTROL_BUS_ARADDR[5]". Without this partial route, timing analysis to/from this port will not be accurate, and no routing information for this port can be exported.
WARNING: [Route 35-198] Port "s_axi_CONTROL_BUS_WDATA[26]" does not have an associated HD.PARTPIN_LOCS, which will prevent the partial routing of the signal "s_axi_CONTROL_BUS_WDATA[26]". Without this partial route, timing analysis to/from this port will not be accurate, and no routing information for this port can be exported.
WARNING: [Route 35-198] Port "out_stream_TREADY" does not have an associated HD.PARTPIN_LOCS, which will prevent the partial routing of the signal "out_stream_TREADY". Without this partial route, timing analysis to/from this port will not be accurate, and no routing information for this port can be exported.
WARNING: [Route 35-198] Port "s_axi_CONTROL_BUS_WDATA[18]" does not have an associated HD.PARTPIN_LOCS, which will prevent the partial routing of the signal "s_axi_CONTROL_BUS_WDATA[18]". Without this partial route, timing analysis to/from this port will not be accurate, and no routing information for this port can be exported.
WARNING: [Route 35-198] Port "s_axi_CONTROL_BUS_WDATA[21]" does not have an associated HD.PARTPIN_LOCS, which will prevent the partial routing of the signal "s_axi_CONTROL_BUS_WDATA[21]". Without this partial route, timing analysis to/from this port will not be accurate, and no routing information for this port can be exported.
WARNING: [Route 35-198] Port "s_axi_CONTROL_BUS_WDATA[25]" does not have an associated HD.PARTPIN_LOCS, which will prevent the partial routing of the signal "s_axi_CONTROL_BUS_WDATA[25]". Without this partial route, timing analysis to/from this port will not be accurate, and no routing information for this port can be exported.
WARNING: [Route 35-198] Port "s_axi_CONTROL_BUS_ARADDR[2]" does not have an associated HD.PARTPIN_LOCS, which will prevent the partial routing of the signal "s_axi_CONTROL_BUS_ARADDR[2]". Without this partial route, timing analysis to/from this port will not be accurate, and no routing information for this port can be exported.
WARNING: [Route 35-198] Port "s_axi_CONTROL_BUS_ARADDR[1]" does not have an associated HD.PARTPIN_LOCS, which will prevent the partial routing of the signal "s_axi_CONTROL_BUS_ARADDR[1]". Without this partial route, timing analysis to/from this port will not be accurate, and no routing information for this port can be exported.
WARNING: [Route 35-198] Port "s_axi_CONTROL_BUS_ARADDR[0]" does not have an associated HD.PARTPIN_LOCS, which will prevent the partial routing of the signal "s_axi_CONTROL_BUS_ARADDR[0]". Without this partial route, timing analysis to/from this port will not be accurate, and no routing information for this port can be exported.
WARNING: [Route 35-198] Port "ap_rst_n_AXI_LITE_clk" does not have an associated HD.PARTPIN_LOCS, which will prevent the partial routing of the signal "ap_rst_n_AXI_LITE_clk". Without this partial route, timing analysis to/from this port will not be accurate, and no routing information for this port can be exported.
WARNING: [Route 35-198] Port "s_axi_CONTROL_BUS_WVALID" does not have an associated HD.PARTPIN_LOCS, which will prevent the partial routing of the signal "s_axi_CONTROL_BUS_WVALID". Without this partial route, timing analysis to/from this port will not be accurate, and no routing information for this port can be exported.
WARNING: [Route 35-198] Port "s_axi_CONTROL_BUS_AWADDR[0]" does not have an associated HD.PARTPIN_LOCS, which will prevent the partial routing of the signal "s_axi_CONTROL_BUS_AWADDR[0]". Without this partial route, timing analysis to/from this port will not be accurate, and no routing information for this port can be exported.
WARNING: [Route 35-198] Port "s_axi_CONTROL_BUS_AWADDR[1]" does not have an associated HD.PARTPIN_LOCS, which will prevent the partial routing of the signal "s_axi_CONTROL_BUS_AWADDR[1]". Without this partial route, timing analysis to/from this port will not be accurate, and no routing information for this port can be exported.
WARNING: [Route 35-198] Port "s_axi_CONTROL_BUS_AWADDR[2]" does not have an associated HD.PARTPIN_LOCS, which will prevent the partial routing of the signal "s_axi_CONTROL_BUS_AWADDR[2]". Without this partial route, timing analysis to/from this port will not be accurate, and no routing information for this port can be exported.
WARNING: [Route 35-198] Port "s_axi_CONTROL_BUS_AWADDR[3]" does not have an associated HD.PARTPIN_LOCS, which will prevent the partial routing of the signal "s_axi_CONTROL_BUS_AWADDR[3]". Without this partial route, timing analysis to/from this port will not be accurate, and no routing information for this port can be exported.
WARNING: [Route 35-198] Port "s_axi_CONTROL_BUS_AWADDR[4]" does not have an associated HD.PARTPIN_LOCS, which will prevent the partial routing of the signal "s_axi_CONTROL_BUS_AWADDR[4]". Without this partial route, timing analysis to/from this port will not be accurate, and no routing information for this port can be exported.
WARNING: [Route 35-198] Port "s_axi_CONTROL_BUS_AWADDR[5]" does not have an associated HD.PARTPIN_LOCS, which will prevent the partial routing of the signal "s_axi_CONTROL_BUS_AWADDR[5]". Without this partial route, timing analysis to/from this port will not be accurate, and no routing information for this port can be exported.
WARNING: [Route 35-198] Port "s_axi_CONTROL_BUS_ARVALID" does not have an associated HD.PARTPIN_LOCS, which will prevent the partial routing of the signal "s_axi_CONTROL_BUS_ARVALID". Without this partial route, timing analysis to/from this port will not be accurate, and no routing information for this port can be exported.
WARNING: [Route 35-198] Port "s_axi_CONTROL_BUS_BREADY" does not have an associated HD.PARTPIN_LOCS, which will prevent the partial routing of the signal "s_axi_CONTROL_BUS_BREADY". Without this partial route, timing analysis to/from this port will not be accurate, and no routing information for this port can be exported.
WARNING: [Route 35-198] Port "s_axi_CONTROL_BUS_AWVALID" does not have an associated HD.PARTPIN_LOCS, which will prevent the partial routing of the signal "s_axi_CONTROL_BUS_AWVALID". Without this partial route, timing analysis to/from this port will not be accurate, and no routing information for this port can be exported.
WARNING: [Route 35-198] Port "s_axi_CONTROL_BUS_RREADY" does not have an associated HD.PARTPIN_LOCS, which will prevent the partial routing of the signal "s_axi_CONTROL_BUS_RREADY". Without this partial route, timing analysis to/from this port will not be accurate, and no routing information for this port can be exported.
Phase 1 Build RT Design | Checksum: b4d2b8fd

Time (s): cpu = 00:00:31 ; elapsed = 00:00:27 . Memory (MB): peak = 1353.527 ; gain = 35.695
Post Restoration Checksum: NetGraph: 377c22f7 NumContArr: 7d569606 Constraints: 0 Timing: 0

Phase 2 Router Initialization

Phase 2.1 Create Timer
Phase 2.1 Create Timer | Checksum: b4d2b8fd

Time (s): cpu = 00:00:31 ; elapsed = 00:00:27 . Memory (MB): peak = 1353.527 ; gain = 35.695

Phase 2.2 Fix Topology Constraints
Phase 2.2 Fix Topology Constraints | Checksum: b4d2b8fd

Time (s): cpu = 00:00:31 ; elapsed = 00:00:27 . Memory (MB): peak = 1360.750 ; gain = 42.918

Phase 2.3 Pre Route Cleanup
Phase 2.3 Pre Route Cleanup | Checksum: b4d2b8fd

Time (s): cpu = 00:00:31 ; elapsed = 00:00:27 . Memory (MB): peak = 1360.750 ; gain = 42.918
 Number of Nodes with overlaps = 0

Phase 2.4 Update Timing
Phase 2.4 Update Timing | Checksum: 1bb3a5194

Time (s): cpu = 00:00:31 ; elapsed = 00:00:27 . Memory (MB): peak = 1364.602 ; gain = 46.770
INFO: [Route 35-416] Intermediate Timing Summary | WNS=0.146  | TNS=0.000  | WHS=0.100  | THS=0.000  |

Phase 2 Router Initialization | Checksum: 1a83199da

Time (s): cpu = 00:00:32 ; elapsed = 00:00:27 . Memory (MB): peak = 1383.551 ; gain = 65.719

Phase 3 Initial Routing
Phase 3 Initial Routing | Checksum: 1ee9e0fe0

Time (s): cpu = 00:00:33 ; elapsed = 00:00:28 . Memory (MB): peak = 1383.551 ; gain = 65.719

Phase 4 Rip-up And Reroute

Phase 4.1 Global Iteration 0
 Number of Nodes with overlaps = 429
 Number of Nodes with overlaps = 83
 Number of Nodes with overlaps = 19
 Number of Nodes with overlaps = 2
 Number of Nodes with overlaps = 0
INFO: [Route 35-416] Intermediate Timing Summary | WNS=-0.016 | TNS=-0.016 | WHS=N/A    | THS=N/A    |

Phase 4.1 Global Iteration 0 | Checksum: 1db6a1a1b

Time (s): cpu = 00:00:35 ; elapsed = 00:00:29 . Memory (MB): peak = 1383.551 ; gain = 65.719

Phase 4.2 Global Iteration 1
 Number of Nodes with overlaps = 12
 Number of Nodes with overlaps = 15
 Number of Nodes with overlaps = 2
 Number of Nodes with overlaps = 0
INFO: [Route 35-416] Intermediate Timing Summary | WNS=-0.080 | TNS=-0.242 | WHS=N/A    | THS=N/A    |

Phase 4.2 Global Iteration 1 | Checksum: 47a0e0c6

Time (s): cpu = 00:00:36 ; elapsed = 00:00:30 . Memory (MB): peak = 1383.551 ; gain = 65.719
Phase 4 Rip-up And Reroute | Checksum: 47a0e0c6

Time (s): cpu = 00:00:36 ; elapsed = 00:00:30 . Memory (MB): peak = 1383.551 ; gain = 65.719

Phase 5 Delay and Skew Optimization

Phase 5.1 Delay CleanUp

Phase 5.1.1 Update Timing
Phase 5.1.1 Update Timing | Checksum: 47a0e0c6

Time (s): cpu = 00:00:36 ; elapsed = 00:00:30 . Memory (MB): peak = 1383.551 ; gain = 65.719
INFO: [Route 35-416] Intermediate Timing Summary | WNS=-0.016 | TNS=-0.016 | WHS=N/A    | THS=N/A    |

 Number of Nodes with overlaps = 0
Phase 5.1 Delay CleanUp | Checksum: 1a4c5eb94

Time (s): cpu = 00:00:36 ; elapsed = 00:00:30 . Memory (MB): peak = 1383.551 ; gain = 65.719

Phase 5.2 Clock Skew Optimization
Phase 5.2 Clock Skew Optimization | Checksum: 1a4c5eb94

Time (s): cpu = 00:00:36 ; elapsed = 00:00:30 . Memory (MB): peak = 1383.551 ; gain = 65.719
Phase 5 Delay and Skew Optimization | Checksum: 1a4c5eb94

Time (s): cpu = 00:00:36 ; elapsed = 00:00:30 . Memory (MB): peak = 1383.551 ; gain = 65.719

Phase 6 Post Hold Fix

Phase 6.1 Hold Fix Iter

Phase 6.1.1 Update Timing
Phase 6.1.1 Update Timing | Checksum: 1d05a0a63

Time (s): cpu = 00:00:36 ; elapsed = 00:00:30 . Memory (MB): peak = 1383.551 ; gain = 65.719
INFO: [Route 35-416] Intermediate Timing Summary | WNS=-0.016 | TNS=-0.016 | WHS=0.099  | THS=0.000  |

Phase 6.1 Hold Fix Iter | Checksum: 1d05a0a63

Time (s): cpu = 00:00:36 ; elapsed = 00:00:30 . Memory (MB): peak = 1383.551 ; gain = 65.719
Phase 6 Post Hold Fix | Checksum: 1d05a0a63

Time (s): cpu = 00:00:36 ; elapsed = 00:00:30 . Memory (MB): peak = 1383.551 ; gain = 65.719

Phase 7 Route finalize

Router Utilization Summary
  Global Vertical Routing Utilization    = 0.408512 %
  Global Horizontal Routing Utilization  = 0.472279 %
  Routable Net Status*
  *Does not include unroutable nets such as driverless and loadless.
  Run report_route_status for detailed report.
  Number of Failed Nets               = 0
  Number of Unrouted Nets             = 0
  Number of Partially Routed Nets     = 0
  Number of Node Overlaps             = 0

Utilization threshold used for congestion level computation: 0.85
Congestion Report
North Dir 1x1 Area, Max Cong = 36.036%, No Congested Regions.
South Dir 1x1 Area, Max Cong = 50.4505%, No Congested Regions.
East Dir 1x1 Area, Max Cong = 42.6471%, No Congested Regions.
West Dir 1x1 Area, Max Cong = 45.5882%, No Congested Regions.
Phase 7 Route finalize | Checksum: 172a0ed24

Time (s): cpu = 00:00:36 ; elapsed = 00:00:30 . Memory (MB): peak = 1383.551 ; gain = 65.719

Phase 8 Verifying routed nets

 Verification completed successfully
Phase 8 Verifying routed nets | Checksum: 172a0ed24

Time (s): cpu = 00:00:36 ; elapsed = 00:00:30 . Memory (MB): peak = 1383.551 ; gain = 65.719

Phase 9 Depositing Routes
Phase 9 Depositing Routes | Checksum: 9a96a4a0

Time (s): cpu = 00:00:36 ; elapsed = 00:00:30 . Memory (MB): peak = 1383.551 ; gain = 65.719

Phase 10 Post Router Timing
INFO: [Route 35-57] Estimated Timing Summary | WNS=-0.016 | TNS=-0.016 | WHS=0.099  | THS=0.000  |

WARNING: [Route 35-328] Router estimated timing not met.
Resolution: For a complete and accurate timing signoff, report_timing_summary must be run after route_design. Alternatively, route_design can be run with the -timing_summary option to enable a complete timing signoff at the end of route_design.
Phase 10 Post Router Timing | Checksum: 9a96a4a0

Time (s): cpu = 00:00:37 ; elapsed = 00:00:30 . Memory (MB): peak = 1383.551 ; gain = 65.719
INFO: [Route 35-16] Router Completed Successfully

Time (s): cpu = 00:00:37 ; elapsed = 00:00:30 . Memory (MB): peak = 1383.551 ; gain = 65.719

Routing Is Done.
INFO: [Common 17-83] Releasing license: Implementation
88 Infos, 96 Warnings, 0 Critical Warnings and 0 Errors encountered.
route_design completed successfully
route_design: Time (s): cpu = 00:00:38 ; elapsed = 00:00:31 . Memory (MB): peak = 1383.551 ; gain = 65.719
Writing placer database...
Writing XDEF routing.
Writing XDEF routing logical nets.
Writing XDEF routing special nets.
Write XDEF Complete: Time (s): cpu = 00:00:01 ; elapsed = 00:00:00.376 . Memory (MB): peak = 1383.551 ; gain = 0.000
INFO: [Common 17-1381] The checkpoint 'C:/Users/sdi_admin/CloudStation/HLS/dilate/solution1/impl/verilog/project.runs/impl_1/dilate_hls_routed.dcp' has been generated.
INFO: [runtcl-4] Executing : report_drc -file dilate_hls_drc_routed.rpt -pb dilate_hls_drc_routed.pb -rpx dilate_hls_drc_routed.rpx
Command: report_drc -file dilate_hls_drc_routed.rpt -pb dilate_hls_drc_routed.pb -rpx dilate_hls_drc_routed.rpx
INFO: [IP_Flow 19-1839] IP Catalog is up to date.
INFO: [DRC 23-27] Running DRC with 2 threads
INFO: [Coretcl 2-168] The results of DRC are in file C:/Users/sdi_admin/CloudStation/HLS/dilate/solution1/impl/verilog/project.runs/impl_1/dilate_hls_drc_routed.rpt.
report_drc completed successfully
INFO: [runtcl-4] Executing : report_methodology -file dilate_hls_methodology_drc_routed.rpt -pb dilate_hls_methodology_drc_routed.pb -rpx dilate_hls_methodology_drc_routed.rpx
Command: report_methodology -file dilate_hls_methodology_drc_routed.rpt -pb dilate_hls_methodology_drc_routed.pb -rpx dilate_hls_methodology_drc_routed.rpx
INFO: [Timing 38-35] Done setting XDC timing constraints.
INFO: [Timing 38-35] Done setting XDC timing constraints.
WARNING: [Timing 38-242] The property HD.CLK_SRC of clock port "AXI_LITE_clk" is not set. In out-of-context mode, this prevents timing estimation for clock delay/skew
Resolution: Set the HD.CLK_SRC property of the out-of-context port to the location of the clock buffer instance in the top-level design
WARNING: [Timing 38-242] The property HD.CLK_SRC of clock port "ap_clk" is not set. In out-of-context mode, this prevents timing estimation for clock delay/skew
Resolution: Set the HD.CLK_SRC property of the out-of-context port to the location of the clock buffer instance in the top-level design
INFO: [DRC 23-133] Running Methodology with 2 threads
INFO: [Coretcl 2-1520] The results of Report Methodology are in file C:/Users/sdi_admin/CloudStation/HLS/dilate/solution1/impl/verilog/project.runs/impl_1/dilate_hls_methodology_drc_routed.rpt.
report_methodology completed successfully
INFO: [runtcl-4] Executing : report_power -file dilate_hls_power_routed.rpt -pb dilate_hls_power_summary_routed.pb -rpx dilate_hls_power_routed.rpx
Command: report_power -file dilate_hls_power_routed.rpt -pb dilate_hls_power_summary_routed.pb -rpx dilate_hls_power_routed.rpx
INFO: [Timing 38-35] Done setting XDC timing constraints.
Running Vector-less Activity Propagation...

Finished Running Vector-less Activity Propagation
100 Infos, 98 Warnings, 0 Critical Warnings and 0 Errors encountered.
report_power completed successfully
INFO: [runtcl-4] Executing : report_route_status -file dilate_hls_route_status.rpt -pb dilate_hls_route_status.pb
INFO: [runtcl-4] Executing : report_timing_summary -max_paths 10 -file dilate_hls_timing_summary_routed.rpt -rpx dilate_hls_timing_summary_routed.rpx -warn_on_violation 
INFO: [Timing 38-91] UpdateTimingParams: Speed grade: -1, Delay Type: min_max.
INFO: [Timing 38-191] Multithreading enabled for timing update using a maximum of 2 CPUs
CRITICAL WARNING: [Timing 38-282] The design failed to meet the timing requirements. Please see the timing summary report for details on the timing violations.
INFO: [runtcl-4] Executing : report_incremental_reuse -file dilate_hls_incremental_reuse_routed.rpt
INFO: [Vivado_Tcl 4-545] No incremental reuse to report, no incremental placement and routing data was found.
INFO: [runtcl-4] Executing : report_clock_utilization -file dilate_hls_clock_utilization_routed.rpt
INFO: [Common 17-206] Exiting Vivado at Mon Jun 25 14:54:40 2018...
