Copyright 1986-2017 Xilinx, Inc. All Rights Reserved.
----------------------------------------------------------------------------------------------------------------------------------------------------
| Tool Version     : Vivado v.2017.4 (win64) Build 2086221 Fri Dec 15 20:55:39 MST 2017
| Date             : Mon Jun 25 18:40:58 2018
| Host             : DESKTOP-H32TPSL running 64-bit major release  (build 9200)
| Command          : report_power -file filter2D_f_power_routed.rpt -pb filter2D_f_power_summary_routed.pb -rpx filter2D_f_power_routed.rpx
| Design           : filter2D_f
| Device           : xc7z020clg400-1
| Design State     : routed
| Grade            : commercial
| Process          : typical
| Characterization : Production
----------------------------------------------------------------------------------------------------------------------------------------------------

Power Report

Table of Contents
-----------------
1. Summary
1.1 On-Chip Components
1.2 Power Supply Summary
1.3 Confidence Level
2. Settings
2.1 Environment
2.2 Clock Constraints
3. Detailed Reports
3.1 By Hierarchy

1. Summary
----------

+--------------------------+--------------+
| Total On-Chip Power (W)  | 0.158        |
| Design Power Budget (W)  | Unspecified* |
| Power Budget Margin (W)  | NA           |
| Dynamic (W)              | 0.054        |
| Device Static (W)        | 0.103        |
| Effective TJA (C/W)      | 11.5         |
| Max Ambient (C)          | 83.2         |
| Junction Temperature (C) | 26.8         |
| Confidence Level         | Medium       |
| Setting File             | ---          |
| Simulation Activity File | ---          |
| Design Nets Matched      | NA           |
+--------------------------+--------------+
* Specify Design Power Budget using, set_operating_conditions -design_power_budget <value in Watts>


1.1 On-Chip Components
----------------------

+-------------------------+-----------+----------+-----------+-----------------+
| On-Chip                 | Power (W) | Used     | Available | Utilization (%) |
+-------------------------+-----------+----------+-----------+-----------------+
| Clocks                  |     0.013 |        4 |       --- |             --- |
| Slice Logic             |     0.006 |     4458 |       --- |             --- |
|   LUT as Logic          |     0.005 |     1480 |     53200 |            2.78 |
|   Register              |    <0.001 |     2015 |    106400 |            1.89 |
|   CARRY4                |    <0.001 |       95 |     13300 |            0.71 |
|   LUT as Shift Register |    <0.001 |      155 |     17400 |            0.89 |
|   F7/F8 Muxes           |    <0.001 |       34 |     53200 |            0.06 |
|   Others                |     0.000 |       88 |       --- |             --- |
| Signals                 |     0.010 |     3606 |       --- |             --- |
| Block RAM               |     0.004 |      1.5 |       140 |            1.07 |
| DSPs                    |     0.022 |       17 |       220 |            7.73 |
| Static Power            |     0.103 |          |           |                 |
| Total                   |     0.158 |          |           |                 |
+-------------------------+-----------+----------+-----------+-----------------+


1.2 Power Supply Summary
------------------------

+-----------+-------------+-----------+-------------+------------+
| Source    | Voltage (V) | Total (A) | Dynamic (A) | Static (A) |
+-----------+-------------+-----------+-------------+------------+
| Vccint    |       1.000 |     0.062 |       0.054 |      0.008 |
| Vccaux    |       1.800 |     0.010 |       0.000 |      0.010 |
| Vcco33    |       3.300 |     0.000 |       0.000 |      0.000 |
| Vcco25    |       2.500 |     0.000 |       0.000 |      0.000 |
| Vcco18    |       1.800 |     0.000 |       0.000 |      0.000 |
| Vcco15    |       1.500 |     0.000 |       0.000 |      0.000 |
| Vcco135   |       1.350 |     0.000 |       0.000 |      0.000 |
| Vcco12    |       1.200 |     0.000 |       0.000 |      0.000 |
| Vccaux_io |       1.800 |     0.000 |       0.000 |      0.000 |
| Vccbram   |       1.000 |     0.001 |       0.000 |      0.001 |
| MGTAVcc   |       1.000 |     0.000 |       0.000 |      0.000 |
| MGTAVtt   |       1.200 |     0.000 |       0.000 |      0.000 |
| MGTVccaux |       1.800 |     0.000 |       0.000 |      0.000 |
| Vccpint   |       1.000 |     0.017 |       0.000 |      0.017 |
| Vccpaux   |       1.800 |     0.010 |       0.000 |      0.010 |
| Vccpll    |       1.800 |     0.003 |       0.000 |      0.003 |
| Vcco_ddr  |       1.500 |     0.000 |       0.000 |      0.000 |
| Vcco_mio0 |       1.800 |     0.000 |       0.000 |      0.000 |
| Vcco_mio1 |       1.800 |     0.000 |       0.000 |      0.000 |
| Vccadc    |       1.800 |     0.020 |       0.000 |      0.020 |
+-----------+-------------+-----------+-------------+------------+


1.3 Confidence Level
--------------------

+-----------------------------+------------+------------------------------------------------+------------------------------------------------------------------------------------------------------------+
| User Input Data             | Confidence | Details                                        | Action                                                                                                     |
+-----------------------------+------------+------------------------------------------------+------------------------------------------------------------------------------------------------------------+
| Design implementation state | High       | Design is routed                               |                                                                                                            |
| Clock nodes activity        | High       | User specified more than 95% of clocks         |                                                                                                            |
| I/O nodes activity          | High       | User specified more than 95% of inputs         |                                                                                                            |
| Internal nodes activity     | Medium     | User specified less than 25% of internal nodes | Provide missing internal nodes activity with simulation results or by editing the "By Resource Type" views |
| Device models               | High       | Device models are Production                   |                                                                                                            |
|                             |            |                                                |                                                                                                            |
| Overall confidence level    | Medium     |                                                |                                                                                                            |
+-----------------------------+------------+------------------------------------------------+------------------------------------------------------------------------------------------------------------+


2. Settings
-----------

2.1 Environment
---------------

+-----------------------+------------------------+
| Ambient Temp (C)      | 25.0                   |
| ThetaJA (C/W)         | 11.5                   |
| Airflow (LFM)         | 250                    |
| Heat Sink             | none                   |
| ThetaSA (C/W)         | 0.0                    |
| Board Selection       | medium (10"x10")       |
| # of Board Layers     | 8to11 (8 to 11 Layers) |
| Board Temperature (C) | 25.0                   |
+-----------------------+------------------------+


2.2 Clock Constraints
---------------------

+--------------+--------------+-----------------+
| Clock        | Domain       | Constraint (ns) |
+--------------+--------------+-----------------+
| AXI_LITE_clk | AXI_LITE_clk |            12.0 |
| ap_clk       | ap_clk       |             6.0 |
+--------------+--------------+-----------------+


3. Detailed Reports
-------------------

3.1 By Hierarchy
----------------

+--------------------------------------+-----------+
| Name                                 | Power (W) |
+--------------------------------------+-----------+
| filter2D_f                           |     0.054 |
|   Block_Mat_exit65294_U0             |     0.008 |
|     filter2D_f_mul_32bkb_U1          |     0.004 |
|       filter2D_f_mul_32bkb_MulnS_0_U |     0.004 |
|     filter2D_f_mul_32cud_U2          |     0.004 |
|       filter2D_f_mul_32cud_MulnS_1_U |     0.004 |
|   Filter2D_U0                        |     0.031 |
|     filter2D_f_mac_mulbW_U45         |     0.002 |
|       filter2D_f_mac_mulbW_DSP48_4_U |     0.002 |
|     filter2D_f_mul_muhbi_U37         |     0.002 |
|       filter2D_f_mul_muhbi_DSP48_0_U |     0.002 |
|     filter2D_f_mul_muhbi_U38         |     0.002 |
|       filter2D_f_mul_muhbi_DSP48_0_U |     0.002 |
|     filter2D_f_mul_muhbi_U41         |     0.002 |
|       filter2D_f_mul_muhbi_DSP48_0_U |     0.002 |
|     k_buf_0_val_3_U                  |     0.002 |
|       Filter2D_k_buf_0_dEe_ram_U     |     0.002 |
|     k_buf_0_val_4_U                  |     0.002 |
|       Filter2D_k_buf_0_dEe_ram_U     |     0.002 |
|     k_buf_0_val_5_U                  |     0.002 |
|       Filter2D_k_buf_0_dEe_ram_U     |     0.002 |
|   Loop_1_proc_U0                     |     0.001 |
|   Loop_2_proc_U0                     |     0.006 |
|     filter2D_f_mul_32mb6_U66         |     0.002 |
|       filter2D_f_mul_32mb6_MulnS_2_U |     0.002 |
|   col_packets_loc_c_U                |    <0.001 |
|     U_fifo_w32_d3_A_ram              |    <0.001 |
|   filter2D_f_CONTROL_BUS_s_axi_U     |     0.005 |
|   g_img_in_data_stream_U             |    <0.001 |
|     U_fifo_w8_d1_A_ram               |    <0.001 |
|   g_img_out_data_strea_U             |    <0.001 |
|     U_fifo_w8_d1_A_ram               |    <0.001 |
|   kernel_val_0_V_0_c_U               |    <0.001 |
|     U_fifo_w25_d2_A_ram              |    <0.001 |
|   kernel_val_0_V_1_c_U               |    <0.001 |
|     U_fifo_w25_d2_A_ram              |    <0.001 |
|   kernel_val_0_V_2_c_U               |    <0.001 |
|     U_fifo_w25_d2_A_ram              |    <0.001 |
|   kernel_val_1_V_0_c_U               |    <0.001 |
|     U_fifo_w25_d2_A_ram              |    <0.001 |
|   kernel_val_1_V_1_c_U               |    <0.001 |
|     U_fifo_w25_d2_A_ram              |    <0.001 |
|   kernel_val_1_V_2_c_U               |    <0.001 |
|     U_fifo_w25_d2_A_ram              |    <0.001 |
|   kernel_val_2_V_0_c_U               |    <0.001 |
|     U_fifo_w25_d2_A_ram              |    <0.001 |
|   kernel_val_2_V_1_c_U               |    <0.001 |
|     U_fifo_w25_d2_A_ram              |    <0.001 |
|   kernel_val_2_V_2_c_U               |    <0.001 |
|     U_fifo_w25_d2_A_ram              |    <0.001 |
|   packets_loc_channel_U              |    <0.001 |
|     U_fifo_w32_d2_A_ram              |    <0.001 |
+--------------------------------------+-----------+


